\BOOKMARK [0][-]{chapter*.1}{Agradecimentos}{}
\BOOKMARK [0][-]{chapter*.2}{Resumo}{}
\BOOKMARK [0][-]{chapter*.3}{Abstract}{}
\BOOKMARK [0][-]{section*.4}{Lista de Figuras}{}
\BOOKMARK [0][-]{section*.5}{Lista de Tabelas}{}
\BOOKMARK [0][-]{chapter.1}{1 Introdu\347\343o}{}
\BOOKMARK [1][-]{section.1.1}{1.1 Objetivos}{chapter.1}
\BOOKMARK [1][-]{section.1.2}{1.2 Organiza\347\343o da Disserta\347\343o}{chapter.1}
\BOOKMARK [0][-]{chapter.2}{2 Trabalhos Relacionados}{}
\BOOKMARK [1][-]{section.2.1}{2.1 Credibilidade}{chapter.2}
\BOOKMARK [1][-]{section.2.2}{2.2 Credibilidade dos Atributos}{chapter.2}
\BOOKMARK [1][-]{section.2.3}{2.3 Credibilidade dos Relacionamentos}{chapter.2}
\BOOKMARK [1][-]{section.2.4}{2.4 Programa\347\343o Gen\351tica}{chapter.2}
\BOOKMARK [0][-]{chapter.3}{3 A Credibilidade na Classifica\347\343o Autom\341tica}{}
\BOOKMARK [1][-]{section.3.1}{3.1 Classificador Na\357ve Bayes.}{chapter.3}
\BOOKMARK [1][-]{section.3.2}{3.2 Incorporando a Credibilidade ao Na\357ve Bayes.}{chapter.3}
\BOOKMARK [2][-]{subsection.3.2.1}{3.2.1 Na\357ve Bayes com Credibilidade Baseada nos Atributos.}{section.3.2}
\BOOKMARK [2][-]{subsection.3.2.2}{3.2.2 Na\357ve Bayes com Credibilidade Baseada em Relacionamentos.}{section.3.2}
\BOOKMARK [1][-]{section.3.3}{3.3 Classificador KNN.}{chapter.3}
\BOOKMARK [1][-]{section.3.4}{3.4 Incorporando a Credibilidade ao KNN.}{chapter.3}
\BOOKMARK [2][-]{subsection.3.4.1}{3.4.1 KNN com Credibilidade Baseada nos Atributos.}{section.3.4}
\BOOKMARK [2][-]{subsection.3.4.2}{3.4.2 KNN com Credibilidade Baseada em Relacionamentos.}{section.3.4}
\BOOKMARK [0][-]{chapter.4}{4 Modelando a Credibilidade com Programa\347\343o Gen\351tica}{}
\BOOKMARK [1][-]{section.4.1}{4.1 Indiv\355duos}{chapter.4}
\BOOKMARK [2][-]{subsection.4.1.1}{4.1.1 Credibilidade Baseada nos Atributos}{section.4.1}
\BOOKMARK [2][-]{subsection.4.1.2}{4.1.2 Credibilidade baseada em Relacionamentos}{section.4.1}
\BOOKMARK [1][-]{section.4.2}{4.2 Operadores Gen\351ticos}{chapter.4}
\BOOKMARK [1][-]{section.4.3}{4.3 Fitness}{chapter.4}
\BOOKMARK [0][-]{chapter.5}{5 Experimentos}{}
\BOOKMARK [1][-]{section.5.1}{5.1 Bases de Dados}{chapter.5}
\BOOKMARK [1][-]{section.5.2}{5.2 Configura\347\343o de Par\342metros}{chapter.5}
\BOOKMARK [1][-]{section.5.3}{5.3 Metodologia Experimental}{chapter.5}
\BOOKMARK [1][-]{section.5.4}{5.4 Credibilidade para Bases de Documentos}{chapter.5}
\BOOKMARK [2][-]{subsection.5.4.1}{5.4.1 Credibilidade de atributos}{section.5.4}
\BOOKMARK [2][-]{subsection.5.4.2}{5.4.2 Generalidade}{section.5.4}
\BOOKMARK [2][-]{subsection.5.4.3}{5.4.3 Explorando Relacionamentos e M\372ltiplos Fatores}{section.5.4}
\BOOKMARK [1][-]{section.5.5}{5.5 Credibilidade em Bases de Atributos Categ\363ricos}{chapter.5}
\BOOKMARK [1][-]{section.5.6}{5.6 Base de Bioinform\341tica.}{chapter.5}
\BOOKMARK [0][-]{chapter.6}{6 Conclus\365es e Trabalhos Futuros}{}
\BOOKMARK [0][-]{section*.35}{Refer\352ncias Bibliogr\341ficas}{}
